18:19:50.217 INFO  (main) [c.j.d.DepartmentServiceApplication] --
				Starting DepartmentServiceApplication using Java 1.8.0_281 on LAPTOP-5HTC6JSL with PID 16236 (C:\Users\Kotar\Downloads\usecase\departmentService\target\classes started by Kotar in C:\Users\Kotar\Downloads\usecase\departmentService)
18:19:50.301 INFO  (main) [c.j.d.DepartmentServiceApplication] --
				No active profile set, falling back to default profiles: default
18:19:56.206 INFO  (main) [o.s.d.r.c.RepositoryConfigurationDelegate] --
				Bootstrapping Spring Data JPA repositories in DEFAULT mode.
18:19:57.253 INFO  (main) [o.s.d.r.c.RepositoryConfigurationDelegate] --
				Finished Spring Data repository scanning in 1003 ms. Found 1 JPA repository interfaces.
18:20:04.196 INFO  (main) [o.s.cloud.context.scope.GenericScope] --
				BeanFactory id=fa9e18e0-70e4-31dd-a6fd-e8b22f721c57
18:20:07.149 INFO  (main) [o.s.b.w.e.tomcat.TomcatWebServer] --
				Tomcat initialized with port(s): 9091 (http)
18:20:07.204 INFO  (main) [o.a.catalina.core.StandardService] --
				Starting service [Tomcat]
18:20:07.205 INFO  (main) [o.a.catalina.core.StandardEngine] --
				Starting Servlet engine: [Apache Tomcat/9.0.53]
18:20:07.912 INFO  (main) [o.a.c.c.C.[Tomcat].[localhost].[/]] --
				Initializing Spring embedded WebApplicationContext
18:20:07.913 INFO  (main) [o.s.b.w.s.c.ServletWebServerApplicationContext] --
				Root WebApplicationContext: initialization completed in 17158 ms
18:20:09.289 INFO  (main) [o.h.jpa.internal.util.LogHelper] --
				HHH000204: Processing PersistenceUnitInfo [name: default]
18:20:09.573 INFO  (main) [org.hibernate.Version] --
				HHH000412: Hibernate ORM core version 5.4.32.Final
18:20:10.226 INFO  (main) [o.h.annotations.common.Version] --
				HCANN000001: Hibernate Commons Annotations {5.1.2.Final}
18:20:10.801 INFO  (main) [com.zaxxer.hikari.HikariDataSource] --
				HikariPool-1 - Starting...
18:20:15.644 INFO  (main) [com.zaxxer.hikari.HikariDataSource] --
				HikariPool-1 - Start completed.
18:20:16.161 INFO  (main) [org.hibernate.dialect.Dialect] --
				HHH000400: Using dialect: org.hibernate.dialect.MySQL8Dialect
18:20:19.809 INFO  (main) [o.h.e.t.j.p.i.JtaPlatformInitiator] --
				HHH000490: Using JtaPlatform implementation: [org.hibernate.engine.transaction.jta.platform.internal.NoJtaPlatform]
18:20:19.850 INFO  (main) [o.s.o.j.LocalContainerEntityManagerFactoryBean] --
				Initialized JPA EntityManagerFactory for persistence unit 'default'
18:20:21.888 WARN  (main) [o.s.b.w.s.c.AnnotationConfigServletWebServerApplicationContext] --
				Exception encountered during context initialization - cancelling refresh attempt: org.springframework.beans.factory.UnsatisfiedDependencyException: Error creating bean with name 'departmentController': Unsatisfied dependency expressed through field 'departmentService'; nested exception is org.springframework.beans.factory.UnsatisfiedDependencyException: Error creating bean with name 'departmentService': Unsatisfied dependency expressed through field 'departmentRepository'; nested exception is org.springframework.beans.factory.BeanCreationException: Error creating bean with name 'departmentRepository' defined in com.javafsd.departmentService.repository.DepartmentRepository defined in @EnableJpaRepositories declared on JpaRepositoriesRegistrar.EnableJpaRepositoriesConfiguration: Invocation of init method failed; nested exception is org.springframework.data.repository.query.QueryCreationException: Could not create query for public abstract com.javafsd.departmentService.entity.Department com.javafsd.departmentService.repository.DepartmentRepository.getDepartmentById(java.lang.Long)! Reason: Failed to create query for method public abstract com.javafsd.departmentService.entity.Department com.javafsd.departmentService.repository.DepartmentRepository.getDepartmentById(java.lang.Long)! No property id found for type Department!; nested exception is java.lang.IllegalArgumentException: Failed to create query for method public abstract com.javafsd.departmentService.entity.Department com.javafsd.departmentService.repository.DepartmentRepository.getDepartmentById(java.lang.Long)! No property id found for type Department!
18:20:21.889 INFO  (main) [o.s.o.j.LocalContainerEntityManagerFactoryBean] --
				Closing JPA EntityManagerFactory for persistence unit 'default'
18:20:21.896 INFO  (main) [com.zaxxer.hikari.HikariDataSource] --
				HikariPool-1 - Shutdown initiated...
18:20:21.912 INFO  (main) [com.zaxxer.hikari.HikariDataSource] --
				HikariPool-1 - Shutdown completed.
18:20:21.922 INFO  (main) [o.a.catalina.core.StandardService] --
				Stopping service [Tomcat]
18:20:22.063 INFO  (main) [o.s.b.a.l.ConditionEvaluationReportLoggingListener] --
				

Error starting ApplicationContext. To display the conditions report re-run your application with 'debug' enabled.
18:20:22.175 ERROR (main) [o.s.boot.SpringApplication] --
				Application run failed
org.springframework.beans.factory.UnsatisfiedDependencyException: Error creating bean with name 'departmentController': Unsatisfied dependency expressed through field 'departmentService'; nested exception is org.springframework.beans.factory.UnsatisfiedDependencyException: Error creating bean with name 'departmentService': Unsatisfied dependency expressed through field 'departmentRepository'; nested exception is org.springframework.beans.factory.BeanCreationException: Error creating bean with name 'departmentRepository' defined in com.javafsd.departmentService.repository.DepartmentRepository defined in @EnableJpaRepositories declared on JpaRepositoriesRegistrar.EnableJpaRepositoriesConfiguration: Invocation of init method failed; nested exception is org.springframework.data.repository.query.QueryCreationException: Could not create query for public abstract com.javafsd.departmentService.entity.Department com.javafsd.departmentService.repository.DepartmentRepository.getDepartmentById(java.lang.Long)! Reason: Failed to create query for method public abstract com.javafsd.departmentService.entity.Department com.javafsd.departmentService.repository.DepartmentRepository.getDepartmentById(java.lang.Long)! No property id found for type Department!; nested exception is java.lang.IllegalArgumentException: Failed to create query for method public abstract com.javafsd.departmentService.entity.Department com.javafsd.departmentService.repository.DepartmentRepository.getDepartmentById(java.lang.Long)! No property id found for type Department!
	at org.springframework.beans.factory.annotation.AutowiredAnnotationBeanPostProcessor$AutowiredFieldElement.resolveFieldValue(AutowiredAnnotationBeanPostProcessor.java:660)
	at org.springframework.beans.factory.annotation.AutowiredAnnotationBeanPostProcessor$AutowiredFieldElement.inject(AutowiredAnnotationBeanPostProcessor.java:640)
	at org.springframework.beans.factory.annotation.InjectionMetadata.inject(InjectionMetadata.java:119)
	at org.springframework.beans.factory.annotation.AutowiredAnnotationBeanPostProcessor.postProcessProperties(AutowiredAnnotationBeanPostProcessor.java:399)
	at org.springframework.beans.factory.support.AbstractAutowireCapableBeanFactory.populateBean(AbstractAutowireCapableBeanFactory.java:1431)
	at org.springframework.beans.factory.support.AbstractAutowireCapableBeanFactory.doCreateBean(AbstractAutowireCapableBeanFactory.java:619)
	at org.springframework.beans.factory.support.AbstractAutowireCapableBeanFactory.createBean(AbstractAutowireCapableBeanFactory.java:542)
	at org.springframework.beans.factory.support.AbstractBeanFactory.lambda$doGetBean$0(AbstractBeanFactory.java:335)
	at org.springframework.beans.factory.support.DefaultSingletonBeanRegistry.getSingleton(DefaultSingletonBeanRegistry.java:234)
	at org.springframework.beans.factory.support.AbstractBeanFactory.doGetBean(AbstractBeanFactory.java:333)
	at org.springframework.beans.factory.support.AbstractBeanFactory.getBean(AbstractBeanFactory.java:208)
	at org.springframework.beans.factory.support.DefaultListableBeanFactory.preInstantiateSingletons(DefaultListableBeanFactory.java:944)
	at org.springframework.context.support.AbstractApplicationContext.finishBeanFactoryInitialization(AbstractApplicationContext.java:918)
	at org.springframework.context.support.AbstractApplicationContext.refresh(AbstractApplicationContext.java:583)
	at org.springframework.boot.web.servlet.context.ServletWebServerApplicationContext.refresh(ServletWebServerApplicationContext.java:145)
	at org.springframework.boot.SpringApplication.refresh(SpringApplication.java:754)
	at org.springframework.boot.SpringApplication.refreshContext(SpringApplication.java:434)
	at org.springframework.boot.SpringApplication.run(SpringApplication.java:338)
	at org.springframework.boot.SpringApplication.run(SpringApplication.java:1343)
	at org.springframework.boot.SpringApplication.run(SpringApplication.java:1332)
	at com.javafsd.departmentService.DepartmentServiceApplication.main(DepartmentServiceApplication.java:10)
Caused by: org.springframework.beans.factory.UnsatisfiedDependencyException: Error creating bean with name 'departmentService': Unsatisfied dependency expressed through field 'departmentRepository'; nested exception is org.springframework.beans.factory.BeanCreationException: Error creating bean with name 'departmentRepository' defined in com.javafsd.departmentService.repository.DepartmentRepository defined in @EnableJpaRepositories declared on JpaRepositoriesRegistrar.EnableJpaRepositoriesConfiguration: Invocation of init method failed; nested exception is org.springframework.data.repository.query.QueryCreationException: Could not create query for public abstract com.javafsd.departmentService.entity.Department com.javafsd.departmentService.repository.DepartmentRepository.getDepartmentById(java.lang.Long)! Reason: Failed to create query for method public abstract com.javafsd.departmentService.entity.Department com.javafsd.departmentService.repository.DepartmentRepository.getDepartmentById(java.lang.Long)! No property id found for type Department!; nested exception is java.lang.IllegalArgumentException: Failed to create query for method public abstract com.javafsd.departmentService.entity.Department com.javafsd.departmentService.repository.DepartmentRepository.getDepartmentById(java.lang.Long)! No property id found for type Department!
	at org.springframework.beans.factory.annotation.AutowiredAnnotationBeanPostProcessor$AutowiredFieldElement.resolveFieldValue(AutowiredAnnotationBeanPostProcessor.java:660)
	at org.springframework.beans.factory.annotation.AutowiredAnnotationBeanPostProcessor$AutowiredFieldElement.inject(AutowiredAnnotationBeanPostProcessor.java:640)
	at org.springframework.beans.factory.annotation.InjectionMetadata.inject(InjectionMetadata.java:119)
	at org.springframework.beans.factory.annotation.AutowiredAnnotationBeanPostProcessor.postProcessProperties(AutowiredAnnotationBeanPostProcessor.java:399)
	at org.springframework.beans.factory.support.AbstractAutowireCapableBeanFactory.populateBean(AbstractAutowireCapableBeanFactory.java:1431)
	at org.springframework.beans.factory.support.AbstractAutowireCapableBeanFactory.doCreateBean(AbstractAutowireCapableBeanFactory.java:619)
	at org.springframework.beans.factory.support.AbstractAutowireCapableBeanFactory.createBean(AbstractAutowireCapableBeanFactory.java:542)
	at org.springframework.beans.factory.support.AbstractBeanFactory.lambda$doGetBean$0(AbstractBeanFactory.java:335)
	at org.springframework.beans.factory.support.DefaultSingletonBeanRegistry.getSingleton(DefaultSingletonBeanRegistry.java:234)
	at org.springframework.beans.factory.support.AbstractBeanFactory.doGetBean(AbstractBeanFactory.java:333)
	at org.springframework.beans.factory.support.AbstractBeanFactory.getBean(AbstractBeanFactory.java:208)
	at org.springframework.beans.factory.config.DependencyDescriptor.resolveCandidate(DependencyDescriptor.java:276)
	at org.springframework.beans.factory.support.DefaultListableBeanFactory.doResolveDependency(DefaultListableBeanFactory.java:1380)
	at org.springframework.beans.factory.support.DefaultListableBeanFactory.resolveDependency(DefaultListableBeanFactory.java:1300)
	at org.springframework.beans.factory.annotation.AutowiredAnnotationBeanPostProcessor$AutowiredFieldElement.resolveFieldValue(AutowiredAnnotationBeanPostProcessor.java:657)
	... 20 common frames omitted
Caused by: org.springframework.beans.factory.BeanCreationException: Error creating bean with name 'departmentRepository' defined in com.javafsd.departmentService.repository.DepartmentRepository defined in @EnableJpaRepositories declared on JpaRepositoriesRegistrar.EnableJpaRepositoriesConfiguration: Invocation of init method failed; nested exception is org.springframework.data.repository.query.QueryCreationException: Could not create query for public abstract com.javafsd.departmentService.entity.Department com.javafsd.departmentService.repository.DepartmentRepository.getDepartmentById(java.lang.Long)! Reason: Failed to create query for method public abstract com.javafsd.departmentService.entity.Department com.javafsd.departmentService.repository.DepartmentRepository.getDepartmentById(java.lang.Long)! No property id found for type Department!; nested exception is java.lang.IllegalArgumentException: Failed to create query for method public abstract com.javafsd.departmentService.entity.Department com.javafsd.departmentService.repository.DepartmentRepository.getDepartmentById(java.lang.Long)! No property id found for type Department!
	at org.springframework.beans.factory.support.AbstractAutowireCapableBeanFactory.initializeBean(AbstractAutowireCapableBeanFactory.java:1804)
	at org.springframework.beans.factory.support.AbstractAutowireCapableBeanFactory.doCreateBean(AbstractAutowireCapableBeanFactory.java:620)
	at org.springframework.beans.factory.support.AbstractAutowireCapableBeanFactory.createBean(AbstractAutowireCapableBeanFactory.java:542)
	at org.springframework.beans.factory.support.AbstractBeanFactory.lambda$doGetBean$0(AbstractBeanFactory.java:335)
	at org.springframework.beans.factory.support.DefaultSingletonBeanRegistry.getSingleton(DefaultSingletonBeanRegistry.java:234)
	at org.springframework.beans.factory.support.AbstractBeanFactory.doGetBean(AbstractBeanFactory.java:333)
	at org.springframework.beans.factory.support.AbstractBeanFactory.getBean(AbstractBeanFactory.java:208)
	at org.springframework.beans.factory.config.DependencyDescriptor.resolveCandidate(DependencyDescriptor.java:276)
	at org.springframework.beans.factory.support.DefaultListableBeanFactory.doResolveDependency(DefaultListableBeanFactory.java:1380)
	at org.springframework.beans.factory.support.DefaultListableBeanFactory.resolveDependency(DefaultListableBeanFactory.java:1300)
	at org.springframework.beans.factory.annotation.AutowiredAnnotationBeanPostProcessor$AutowiredFieldElement.resolveFieldValue(AutowiredAnnotationBeanPostProcessor.java:657)
	... 34 common frames omitted
Caused by: org.springframework.data.repository.query.QueryCreationException: Could not create query for public abstract com.javafsd.departmentService.entity.Department com.javafsd.departmentService.repository.DepartmentRepository.getDepartmentById(java.lang.Long)! Reason: Failed to create query for method public abstract com.javafsd.departmentService.entity.Department com.javafsd.departmentService.repository.DepartmentRepository.getDepartmentById(java.lang.Long)! No property id found for type Department!; nested exception is java.lang.IllegalArgumentException: Failed to create query for method public abstract com.javafsd.departmentService.entity.Department com.javafsd.departmentService.repository.DepartmentRepository.getDepartmentById(java.lang.Long)! No property id found for type Department!
	at org.springframework.data.repository.query.QueryCreationException.create(QueryCreationException.java:101)
	at org.springframework.data.repository.core.support.QueryExecutorMethodInterceptor.lookupQuery(QueryExecutorMethodInterceptor.java:106)
	at org.springframework.data.repository.core.support.QueryExecutorMethodInterceptor.lambda$mapMethodsToQuery$1(QueryExecutorMethodInterceptor.java:94)
	at java.util.stream.ReferencePipeline$3$1.accept(ReferencePipeline.java:193)
	at java.util.Iterator.forEachRemaining(Iterator.java:116)
	at java.util.Collections$UnmodifiableCollection$1.forEachRemaining(Collections.java:1051)
	at java.util.Spliterators$IteratorSpliterator.forEachRemaining(Spliterators.java:1801)
	at java.util.stream.AbstractPipeline.copyInto(AbstractPipeline.java:482)
	at java.util.stream.AbstractPipeline.wrapAndCopyInto(AbstractPipeline.java:472)
	at java.util.stream.ReduceOps$ReduceOp.evaluateSequential(ReduceOps.java:708)
	at java.util.stream.AbstractPipeline.evaluate(AbstractPipeline.java:234)
	at java.util.stream.ReferencePipeline.collect(ReferencePipeline.java:499)
	at org.springframework.data.repository.core.support.QueryExecutorMethodInterceptor.mapMethodsToQuery(QueryExecutorMethodInterceptor.java:96)
	at org.springframework.data.repository.core.support.QueryExecutorMethodInterceptor.lambda$new$0(QueryExecutorMethodInterceptor.java:86)
	at java.util.Optional.map(Optional.java:215)
	at org.springframework.data.repository.core.support.QueryExecutorMethodInterceptor.<init>(QueryExecutorMethodInterceptor.java:86)
	at org.springframework.data.repository.core.support.RepositoryFactorySupport.getRepository(RepositoryFactorySupport.java:360)
	at org.springframework.data.repository.core.support.RepositoryFactoryBeanSupport.lambda$afterPropertiesSet$5(RepositoryFactoryBeanSupport.java:323)
	at org.springframework.data.util.Lazy.getNullable(Lazy.java:230)
	at org.springframework.data.util.Lazy.get(Lazy.java:114)
	at org.springframework.data.repository.core.support.RepositoryFactoryBeanSupport.afterPropertiesSet(RepositoryFactoryBeanSupport.java:329)
	at org.springframework.data.jpa.repository.support.JpaRepositoryFactoryBean.afterPropertiesSet(JpaRepositoryFactoryBean.java:144)
	at org.springframework.beans.factory.support.AbstractAutowireCapableBeanFactory.invokeInitMethods(AbstractAutowireCapableBeanFactory.java:1863)
	at org.springframework.beans.factory.support.AbstractAutowireCapableBeanFactory.initializeBean(AbstractAutowireCapableBeanFactory.java:1800)
	... 44 common frames omitted
Caused by: java.lang.IllegalArgumentException: Failed to create query for method public abstract com.javafsd.departmentService.entity.Department com.javafsd.departmentService.repository.DepartmentRepository.getDepartmentById(java.lang.Long)! No property id found for type Department!
	at org.springframework.data.jpa.repository.query.PartTreeJpaQuery.<init>(PartTreeJpaQuery.java:96)
	at org.springframework.data.jpa.repository.query.JpaQueryLookupStrategy$CreateQueryLookupStrategy.resolveQuery(JpaQueryLookupStrategy.java:107)
	at org.springframework.data.jpa.repository.query.JpaQueryLookupStrategy$CreateIfNotFoundQueryLookupStrategy.resolveQuery(JpaQueryLookupStrategy.java:218)
	at org.springframework.data.jpa.repository.query.JpaQueryLookupStrategy$AbstractQueryLookupStrategy.resolveQuery(JpaQueryLookupStrategy.java:81)
	at org.springframework.data.repository.core.support.QueryExecutorMethodInterceptor.lookupQuery(QueryExecutorMethodInterceptor.java:102)
	... 66 common frames omitted
Caused by: org.springframework.data.mapping.PropertyReferenceException: No property id found for type Department!
	at org.springframework.data.mapping.PropertyPath.<init>(PropertyPath.java:90)
	at org.springframework.data.mapping.PropertyPath.create(PropertyPath.java:437)
	at org.springframework.data.mapping.PropertyPath.create(PropertyPath.java:413)
	at org.springframework.data.mapping.PropertyPath.lambda$from$0(PropertyPath.java:366)
	at java.util.concurrent.ConcurrentMap.computeIfAbsent(ConcurrentMap.java:324)
	at org.springframework.data.mapping.PropertyPath.from(PropertyPath.java:348)
	at org.springframework.data.mapping.PropertyPath.from(PropertyPath.java:331)
	at org.springframework.data.repository.query.parser.Part.<init>(Part.java:81)
	at org.springframework.data.repository.query.parser.PartTree$OrPart.lambda$new$0(PartTree.java:249)
	at java.util.stream.ReferencePipeline$3$1.accept(ReferencePipeline.java:193)
	at java.util.stream.ReferencePipeline$2$1.accept(ReferencePipeline.java:175)
	at java.util.Spliterators$ArraySpliterator.forEachRemaining(Spliterators.java:948)
	at java.util.stream.AbstractPipeline.copyInto(AbstractPipeline.java:482)
	at java.util.stream.AbstractPipeline.wrapAndCopyInto(AbstractPipeline.java:472)
	at java.util.stream.ReduceOps$ReduceOp.evaluateSequential(ReduceOps.java:708)
	at java.util.stream.AbstractPipeline.evaluate(AbstractPipeline.java:234)
	at java.util.stream.ReferencePipeline.collect(ReferencePipeline.java:499)
	at org.springframework.data.repository.query.parser.PartTree$OrPart.<init>(PartTree.java:250)
	at org.springframework.data.repository.query.parser.PartTree$Predicate.lambda$new$0(PartTree.java:383)
	at java.util.stream.ReferencePipeline$3$1.accept(ReferencePipeline.java:193)
	at java.util.stream.ReferencePipeline$2$1.accept(ReferencePipeline.java:175)
	at java.util.Spliterators$ArraySpliterator.forEachRemaining(Spliterators.java:948)
	at java.util.stream.AbstractPipeline.copyInto(AbstractPipeline.java:482)
	at java.util.stream.AbstractPipeline.wrapAndCopyInto(AbstractPipeline.java:472)
	at java.util.stream.ReduceOps$ReduceOp.evaluateSequential(ReduceOps.java:708)
	at java.util.stream.AbstractPipeline.evaluate(AbstractPipeline.java:234)
	at java.util.stream.ReferencePipeline.collect(ReferencePipeline.java:499)
	at org.springframework.data.repository.query.parser.PartTree$Predicate.<init>(PartTree.java:384)
	at org.springframework.data.repository.query.parser.PartTree.<init>(PartTree.java:95)
	at org.springframework.data.jpa.repository.query.PartTreeJpaQuery.<init>(PartTreeJpaQuery.java:89)
	... 70 common frames omitted
